<?xml version="1.0" encoding="UTF-8"?>
<!-- Generated by org.testng.reporters.JUnitReportReporter -->
<testsuite hostname="DESKTOP-8K3BVFP" failures="0" tests="1" name="day2.PostRequest_POJOClass" time="6.757" errors="0" timestamp="2024-11-30T14:45:32 IST" skipped="0">
  <testcase classname="day2.PostRequest_POJOClass" name="creatUser" time="6.757"/>
</testsuite> <!-- day2.PostRequest_POJOClass -->
