<?xml version="1.0" encoding="UTF-8"?>
<!-- Generated by org.testng.reporters.JUnitReportReporter -->
<testsuite hostname="DESKTOP-8K3BVFP" failures="0" tests="4" name="day1.Httprequest" time="4.294" errors="0" timestamp="2024-11-30T11:46:04 IST" skipped="0">
  <testcase classname="day1.Httprequest" name="getUser" time="2.778"/>
  <testcase classname="day1.Httprequest" name="creatUser" time="0.758"/>
  <testcase classname="day1.Httprequest" name="updateUser" time="0.377"/>
  <testcase classname="day1.Httprequest" name="deleteUser" time="0.381"/>
</testsuite> <!-- day1.Httprequest -->
