<?xml version="1.0" encoding="UTF-8"?>
<!-- Generated by org.testng.reporters.JUnitReportReporter -->
<testsuite hostname="DESKTOP-8K3BVFP" failures="0" tests="1" name="day3.queryAndPathParameter" time="2.750" errors="0" timestamp="2024-11-30T17:29:44 IST" skipped="0">
  <testcase classname="day3.queryAndPathParameter" name="queryAndPathParam" time="2.750"/>
</testsuite> <!-- day3.queryAndPathParameter -->
