<?xml version="1.0" encoding="UTF-8"?>
<!-- Generated by org.testng.reporters.JUnitReportReporter -->
<testsuite hostname="DESKTOP-8K3BVFP" failures="0" tests="1" name="day2.PostRequest_externalFile" time="5.410" errors="0" timestamp="2024-11-30T14:57:25 IST" skipped="0">
  <testcase classname="day2.PostRequest_externalFile" name="creatUser" time="5.410"/>
</testsuite> <!-- day2.PostRequest_externalFile -->
