<?xml version="1.0" encoding="UTF-8"?>
<!-- Generated by org.testng.reporters.JUnitReportReporter -->
<testsuite hostname="DESKTOP-8K3BVFP" failures="0" tests="2" name="day3.cookiesDemo" time="5.031" errors="0" timestamp="2024-11-30T17:39:08 IST" skipped="0">
  <testcase classname="day3.cookiesDemo" name="getCookies" time="3.528"/>
  <testcase classname="day3.cookiesDemo" name="getCookiesValue" time="1.503"/>
</testsuite> <!-- day3.cookiesDemo -->
