<?xml version="1.0" encoding="UTF-8"?>
<!-- Generated by org.testng.reporters.JUnitReportReporter -->
<testsuite hostname="DESKTOP-8K3BVFP" failures="0" tests="2" name="day3.headerDemo" time="3.311" errors="0" timestamp="2024-11-30T18:04:30 IST" skipped="0">
  <testcase classname="day3.headerDemo" name="getCookies" time="2.703"/>
  <testcase classname="day3.headerDemo" name="getHeaderValue" time="0.608"/>
</testsuite> <!-- day3.headerDemo -->
