<?xml version="1.0" encoding="UTF-8"?>
<!-- Generated by org.testng.reporters.JUnitReportReporter -->
<testsuite hostname="DESKTOP-8K3BVFP" failures="0" tests="2" name="day7.authentication" time="5.094" errors="0" timestamp="2024-12-01T16:19:11 IST" skipped="0">
  <testcase classname="day7.authentication" name="auth" time="4.088"/>
  <testcase classname="day7.authentication" name="bearerToken" time="1.006"/>
</testsuite> <!-- day7.authentication -->
