<?xml version="1.0" encoding="UTF-8"?>
<!-- Generated by org.testng.reporters.JUnitReportReporter -->
<testsuite hostname="DESKTOP-8K3BVFP" failures="0" tests="1" name="day8.updateUser" time="1.228" errors="0" timestamp="2024-12-02T11:51:36 IST" skipped="0">
  <testcase classname="day8.updateUser" name="updateUser" time="1.228"/>
</testsuite> <!-- day8.updateUser -->
