<?xml version="1.0" encoding="UTF-8"?>
<!-- Generated by org.testng.reporters.JUnitReportReporter -->
<testsuite hostname="DESKTOP-8K3BVFP" failures="0" tests="1" name="day4.responseData" time="2.609" errors="0" timestamp="2024-12-01T00:59:25 IST" skipped="0">
  <testcase classname="day4.responseData" name="getData" time="2.609"/>
</testsuite> <!-- day4.responseData -->
