<?xml version="1.0" encoding="UTF-8"?>
<!-- Generated by org.testng.reporters.JUnitReportReporter -->
<testsuite hostname="DESKTOP-8K3BVFP" failures="0" tests="1" name="day2.PostRequest_jsonObject" time="3.164" errors="0" timestamp="2024-11-30T14:30:44 IST" skipped="0">
  <testcase classname="day2.PostRequest_jsonObject" name="creatUser" time="3.164"/>
</testsuite> <!-- day2.PostRequest_jsonObject -->
