<?xml version="1.0" encoding="UTF-8"?>
<!-- Generated by org.testng.reporters.JUnitReportReporter -->
<testsuite hostname="DESKTOP-8K3BVFP" failures="0" tests="1" name="day8.createUser" time="5.652" errors="0" timestamp="2024-12-02T11:51:36 IST" skipped="0">
  <testcase classname="day8.createUser" name="creatUser" time="5.652"/>
</testsuite> <!-- day8.createUser -->
